mode: count
github.com/WayneJz/goutils/slice/apply.go:15.64,16.22 1 0
github.com/WayneJz/goutils/slice/apply.go:16.22,18.3 1 0
github.com/WayneJz/goutils/slice/apply.go:22.60,23.24 1 0
github.com/WayneJz/goutils/slice/apply.go:23.24,25.3 1 0
github.com/WayneJz/goutils/slice/apply.go:29.60,30.24 1 0
github.com/WayneJz/goutils/slice/apply.go:30.24,32.3 1 0
github.com/WayneJz/goutils/slice/apply.go:36.64,37.24 1 0
github.com/WayneJz/goutils/slice/apply.go:37.24,39.3 1 0
github.com/WayneJz/goutils/slice/apply.go:43.64,44.24 1 0
github.com/WayneJz/goutils/slice/apply.go:44.24,46.3 1 0
github.com/WayneJz/goutils/slice/apply.go:66.72,67.22 1 0
github.com/WayneJz/goutils/slice/apply.go:67.22,69.3 1 0
github.com/WayneJz/goutils/slice/apply.go:73.68,74.24 1 0
github.com/WayneJz/goutils/slice/apply.go:74.24,76.3 1 0
github.com/WayneJz/goutils/slice/apply.go:80.68,81.24 1 0
github.com/WayneJz/goutils/slice/apply.go:81.24,83.3 1 0
github.com/WayneJz/goutils/slice/apply.go:87.72,88.24 1 0
github.com/WayneJz/goutils/slice/apply.go:88.24,90.3 1 0
github.com/WayneJz/goutils/slice/apply.go:94.72,95.24 1 0
github.com/WayneJz/goutils/slice/apply.go:95.24,97.3 1 0
github.com/WayneJz/goutils/slice/contain.go:4.46,6.22 2 5
github.com/WayneJz/goutils/slice/contain.go:9.2,9.28 1 5
github.com/WayneJz/goutils/slice/contain.go:14.2,14.22 1 5
github.com/WayneJz/goutils/slice/contain.go:19.2,19.13 1 3
github.com/WayneJz/goutils/slice/contain.go:6.22,8.3 1 9
github.com/WayneJz/goutils/slice/contain.go:9.28,10.41 1 15
github.com/WayneJz/goutils/slice/contain.go:10.41,12.4 1 4
github.com/WayneJz/goutils/slice/contain.go:14.22,15.33 1 7
github.com/WayneJz/goutils/slice/contain.go:15.33,17.4 1 2
github.com/WayneJz/goutils/slice/contain.go:23.46,25.27 2 5
github.com/WayneJz/goutils/slice/contain.go:28.2,28.28 1 5
github.com/WayneJz/goutils/slice/contain.go:33.2,33.27 1 5
github.com/WayneJz/goutils/slice/contain.go:38.2,38.13 1 3
github.com/WayneJz/goutils/slice/contain.go:25.27,27.3 1 25
github.com/WayneJz/goutils/slice/contain.go:28.28,29.41 1 18
github.com/WayneJz/goutils/slice/contain.go:29.41,31.4 1 8
github.com/WayneJz/goutils/slice/contain.go:33.27,34.35 1 18
github.com/WayneJz/goutils/slice/contain.go:34.35,36.4 1 2
github.com/WayneJz/goutils/slice/contain.go:42.46,44.27 2 5
github.com/WayneJz/goutils/slice/contain.go:47.2,47.28 1 5
github.com/WayneJz/goutils/slice/contain.go:52.2,52.27 1 5
github.com/WayneJz/goutils/slice/contain.go:57.2,57.13 1 3
github.com/WayneJz/goutils/slice/contain.go:44.27,46.3 1 25
github.com/WayneJz/goutils/slice/contain.go:47.28,48.41 1 18
github.com/WayneJz/goutils/slice/contain.go:48.41,50.4 1 8
github.com/WayneJz/goutils/slice/contain.go:52.27,53.35 1 18
github.com/WayneJz/goutils/slice/contain.go:53.35,55.4 1 2
github.com/WayneJz/goutils/slice/contain.go:61.49,63.27 2 5
github.com/WayneJz/goutils/slice/contain.go:66.2,66.28 1 5
github.com/WayneJz/goutils/slice/contain.go:71.2,71.27 1 5
github.com/WayneJz/goutils/slice/contain.go:76.2,76.13 1 3
github.com/WayneJz/goutils/slice/contain.go:63.27,65.3 1 14
github.com/WayneJz/goutils/slice/contain.go:66.28,67.41 1 12
github.com/WayneJz/goutils/slice/contain.go:67.41,69.4 1 4
github.com/WayneJz/goutils/slice/contain.go:71.27,72.35 1 10
github.com/WayneJz/goutils/slice/contain.go:72.35,74.4 1 2
github.com/WayneJz/goutils/slice/contain.go:80.49,82.27 2 5
github.com/WayneJz/goutils/slice/contain.go:85.2,85.28 1 5
github.com/WayneJz/goutils/slice/contain.go:90.2,90.27 1 5
github.com/WayneJz/goutils/slice/contain.go:95.2,95.13 1 3
github.com/WayneJz/goutils/slice/contain.go:82.27,84.3 1 14
github.com/WayneJz/goutils/slice/contain.go:85.28,86.41 1 12
github.com/WayneJz/goutils/slice/contain.go:86.41,88.4 1 4
github.com/WayneJz/goutils/slice/contain.go:90.27,91.35 1 10
github.com/WayneJz/goutils/slice/contain.go:91.35,93.4 1 2
github.com/WayneJz/goutils/slice/index.go:4.45,5.22 1 2
github.com/WayneJz/goutils/slice/index.go:10.2,10.23 1 1
github.com/WayneJz/goutils/slice/index.go:5.22,6.13 1 2
github.com/WayneJz/goutils/slice/index.go:6.13,8.4 1 1
github.com/WayneJz/goutils/slice/index.go:15.62,17.22 2 3
github.com/WayneJz/goutils/slice/index.go:20.2,20.28 1 3
github.com/WayneJz/goutils/slice/index.go:25.2,25.17 1 3
github.com/WayneJz/goutils/slice/index.go:17.22,19.3 1 6
github.com/WayneJz/goutils/slice/index.go:20.28,21.42 1 10
github.com/WayneJz/goutils/slice/index.go:21.42,23.4 1 2
github.com/WayneJz/goutils/slice/index.go:29.44,30.22 1 2
github.com/WayneJz/goutils/slice/index.go:35.2,35.23 1 1
github.com/WayneJz/goutils/slice/index.go:30.22,31.15 1 3
github.com/WayneJz/goutils/slice/index.go:31.15,33.4 1 1
github.com/WayneJz/goutils/slice/index.go:40.61,42.27 2 3
github.com/WayneJz/goutils/slice/index.go:45.2,45.28 1 3
github.com/WayneJz/goutils/slice/index.go:50.2,50.17 1 3
github.com/WayneJz/goutils/slice/index.go:42.27,44.3 1 10
github.com/WayneJz/goutils/slice/index.go:45.28,46.42 1 14
github.com/WayneJz/goutils/slice/index.go:46.42,48.4 1 3
github.com/WayneJz/goutils/slice/index.go:54.44,55.22 1 2
github.com/WayneJz/goutils/slice/index.go:60.2,60.23 1 1
github.com/WayneJz/goutils/slice/index.go:55.22,56.15 1 3
github.com/WayneJz/goutils/slice/index.go:56.15,58.4 1 1
github.com/WayneJz/goutils/slice/index.go:65.61,67.27 2 3
github.com/WayneJz/goutils/slice/index.go:70.2,70.28 1 3
github.com/WayneJz/goutils/slice/index.go:75.2,75.17 1 3
github.com/WayneJz/goutils/slice/index.go:67.27,69.3 1 10
github.com/WayneJz/goutils/slice/index.go:70.28,71.42 1 14
github.com/WayneJz/goutils/slice/index.go:71.42,73.4 1 3
github.com/WayneJz/goutils/slice/index.go:79.47,80.22 1 2
github.com/WayneJz/goutils/slice/index.go:85.2,85.23 1 1
github.com/WayneJz/goutils/slice/index.go:80.22,81.15 1 2
github.com/WayneJz/goutils/slice/index.go:81.15,83.4 1 1
github.com/WayneJz/goutils/slice/index.go:90.65,92.27 2 3
github.com/WayneJz/goutils/slice/index.go:95.2,95.28 1 3
github.com/WayneJz/goutils/slice/index.go:100.2,100.17 1 3
github.com/WayneJz/goutils/slice/index.go:92.27,94.3 1 8
github.com/WayneJz/goutils/slice/index.go:95.28,96.42 1 10
github.com/WayneJz/goutils/slice/index.go:96.42,98.4 1 3
github.com/WayneJz/goutils/slice/index.go:104.47,105.22 1 2
github.com/WayneJz/goutils/slice/index.go:110.2,110.23 1 1
github.com/WayneJz/goutils/slice/index.go:105.22,106.15 1 2
github.com/WayneJz/goutils/slice/index.go:106.15,108.4 1 1
github.com/WayneJz/goutils/slice/index.go:115.65,117.27 2 3
github.com/WayneJz/goutils/slice/index.go:120.2,120.28 1 3
github.com/WayneJz/goutils/slice/index.go:125.2,125.17 1 3
github.com/WayneJz/goutils/slice/index.go:117.27,119.3 1 8
github.com/WayneJz/goutils/slice/index.go:120.28,121.42 1 10
github.com/WayneJz/goutils/slice/index.go:121.42,123.4 1 3
github.com/WayneJz/goutils/slice/merge.go:4.43,6.22 2 1
github.com/WayneJz/goutils/slice/merge.go:11.2,11.12 1 1
github.com/WayneJz/goutils/slice/merge.go:6.22,7.25 1 4
github.com/WayneJz/goutils/slice/merge.go:7.25,9.4 1 7
github.com/WayneJz/goutils/slice/merge.go:15.49,18.22 3 1
github.com/WayneJz/goutils/slice/merge.go:27.2,27.12 1 1
github.com/WayneJz/goutils/slice/merge.go:18.22,19.25 1 4
github.com/WayneJz/goutils/slice/merge.go:19.25,20.36 1 7
github.com/WayneJz/goutils/slice/merge.go:23.4,24.26 2 4
github.com/WayneJz/goutils/slice/merge.go:20.36,21.13 1 3
github.com/WayneJz/goutils/slice/merge.go:31.40,33.22 2 1
github.com/WayneJz/goutils/slice/merge.go:38.2,38.12 1 1
github.com/WayneJz/goutils/slice/merge.go:33.22,34.25 1 3
github.com/WayneJz/goutils/slice/merge.go:34.25,36.4 1 11
github.com/WayneJz/goutils/slice/merge.go:42.46,45.22 3 1
github.com/WayneJz/goutils/slice/merge.go:54.2,54.12 1 1
github.com/WayneJz/goutils/slice/merge.go:45.22,46.25 1 3
github.com/WayneJz/goutils/slice/merge.go:46.25,47.36 1 11
github.com/WayneJz/goutils/slice/merge.go:50.4,51.26 2 8
github.com/WayneJz/goutils/slice/merge.go:47.36,48.13 1 3
github.com/WayneJz/goutils/slice/merge.go:58.40,60.22 2 1
github.com/WayneJz/goutils/slice/merge.go:65.2,65.12 1 1
github.com/WayneJz/goutils/slice/merge.go:60.22,61.25 1 3
github.com/WayneJz/goutils/slice/merge.go:61.25,63.4 1 11
github.com/WayneJz/goutils/slice/merge.go:69.46,72.22 3 1
github.com/WayneJz/goutils/slice/merge.go:81.2,81.12 1 1
github.com/WayneJz/goutils/slice/merge.go:72.22,73.25 1 3
github.com/WayneJz/goutils/slice/merge.go:73.25,74.36 1 11
github.com/WayneJz/goutils/slice/merge.go:77.4,78.26 2 8
github.com/WayneJz/goutils/slice/merge.go:74.36,75.13 1 3
github.com/WayneJz/goutils/slice/merge.go:85.43,87.22 2 1
github.com/WayneJz/goutils/slice/merge.go:92.2,92.12 1 1
github.com/WayneJz/goutils/slice/merge.go:87.22,88.25 1 3
github.com/WayneJz/goutils/slice/merge.go:88.25,90.4 1 6
github.com/WayneJz/goutils/slice/merge.go:96.49,99.22 3 1
github.com/WayneJz/goutils/slice/merge.go:108.2,108.12 1 1
github.com/WayneJz/goutils/slice/merge.go:99.22,100.25 1 3
github.com/WayneJz/goutils/slice/merge.go:100.25,101.36 1 6
github.com/WayneJz/goutils/slice/merge.go:104.4,105.26 2 4
github.com/WayneJz/goutils/slice/merge.go:101.36,102.13 1 2
github.com/WayneJz/goutils/slice/merge.go:112.43,114.22 2 1
github.com/WayneJz/goutils/slice/merge.go:119.2,119.12 1 1
github.com/WayneJz/goutils/slice/merge.go:114.22,115.25 1 3
github.com/WayneJz/goutils/slice/merge.go:115.25,117.4 1 6
github.com/WayneJz/goutils/slice/merge.go:123.49,126.22 3 1
github.com/WayneJz/goutils/slice/merge.go:135.2,135.12 1 1
github.com/WayneJz/goutils/slice/merge.go:126.22,127.25 1 3
github.com/WayneJz/goutils/slice/merge.go:127.25,128.36 1 6
github.com/WayneJz/goutils/slice/merge.go:131.4,132.26 2 4
github.com/WayneJz/goutils/slice/merge.go:128.36,129.13 1 2
github.com/WayneJz/goutils/slice/sort.go:6.35,7.46 1 0
github.com/WayneJz/goutils/slice/sort.go:7.46,7.78 1 0
github.com/WayneJz/goutils/slice/sort.go:11.36,12.46 1 0
github.com/WayneJz/goutils/slice/sort.go:12.46,12.78 1 0
github.com/WayneJz/goutils/slice/sort.go:16.28,17.46 1 0
github.com/WayneJz/goutils/slice/sort.go:17.46,17.68 1 0
github.com/WayneJz/goutils/slice/sort.go:21.29,22.46 1 0
github.com/WayneJz/goutils/slice/sort.go:22.46,22.68 1 0
github.com/WayneJz/goutils/slice/sort.go:26.28,27.46 1 0
github.com/WayneJz/goutils/slice/sort.go:27.46,27.68 1 0
github.com/WayneJz/goutils/slice/sort.go:31.29,32.46 1 0
github.com/WayneJz/goutils/slice/sort.go:32.46,32.68 1 0
github.com/WayneJz/goutils/slice/sort.go:36.30,37.46 1 0
github.com/WayneJz/goutils/slice/sort.go:37.46,37.68 1 0
github.com/WayneJz/goutils/slice/sort.go:41.31,42.46 1 0
github.com/WayneJz/goutils/slice/sort.go:42.46,42.68 1 0
github.com/WayneJz/goutils/slice/sort.go:46.30,47.46 1 0
github.com/WayneJz/goutils/slice/sort.go:47.46,47.68 1 0
github.com/WayneJz/goutils/slice/sort.go:51.31,52.46 1 0
github.com/WayneJz/goutils/slice/sort.go:52.46,52.68 1 0
github.com/WayneJz/goutils/slice/unique.go:4.41,7.22 3 2
github.com/WayneJz/goutils/slice/unique.go:14.2,14.12 1 2
github.com/WayneJz/goutils/slice/unique.go:7.22,8.33 1 6
github.com/WayneJz/goutils/slice/unique.go:11.3,12.23 2 4
github.com/WayneJz/goutils/slice/unique.go:8.33,9.12 1 2
github.com/WayneJz/goutils/slice/unique.go:18.38,21.22 3 2
github.com/WayneJz/goutils/slice/unique.go:28.2,28.12 1 2
github.com/WayneJz/goutils/slice/unique.go:21.22,22.33 1 11
github.com/WayneJz/goutils/slice/unique.go:25.3,26.23 2 8
github.com/WayneJz/goutils/slice/unique.go:22.33,23.12 1 3
github.com/WayneJz/goutils/slice/unique.go:32.38,35.22 3 2
github.com/WayneJz/goutils/slice/unique.go:42.2,42.12 1 2
github.com/WayneJz/goutils/slice/unique.go:35.22,36.33 1 11
github.com/WayneJz/goutils/slice/unique.go:39.3,40.23 2 8
github.com/WayneJz/goutils/slice/unique.go:36.33,37.12 1 3
github.com/WayneJz/goutils/slice/unique.go:46.41,49.22 3 2
github.com/WayneJz/goutils/slice/unique.go:56.2,56.12 1 2
github.com/WayneJz/goutils/slice/unique.go:49.22,50.33 1 9
github.com/WayneJz/goutils/slice/unique.go:53.3,54.23 2 6
github.com/WayneJz/goutils/slice/unique.go:50.33,51.12 1 3
github.com/WayneJz/goutils/slice/unique.go:60.41,63.22 3 2
github.com/WayneJz/goutils/slice/unique.go:70.2,70.12 1 2
github.com/WayneJz/goutils/slice/unique.go:63.22,64.33 1 9
github.com/WayneJz/goutils/slice/unique.go:67.3,68.23 2 6
github.com/WayneJz/goutils/slice/unique.go:64.33,65.12 1 3
